<?xml version="1.0" encoding="UTF-8"?>
<!-- Generated by org.testng.reporters.JUnitXMLReporter -->
<testsuite ignored="0" hostname="DESKTOP-HV6VPL8" failures="1" tests="1" name="Test" time="0.061" errors="0" timestamp="2021-06-15T19:03:03 IST">
  <testcase classname="Scripts.Categories" name="categories" time="0.0">
    <failure type="org.testng.TestNGException" message="
Cannot inject @Test annotated Method [categories] with [interface org.openqa.selenium.WebDriver].
For more information on native dependency injection please refer to https://testng.org/doc/documentation-main.html#native-dependency-injection">
      <![CDATA[org.testng.TestNGException: 
Cannot inject @Test annotated Method [categories] with [interface org.openqa.selenium.WebDriver].
For more information on native dependency injection please refer to https://testng.org/doc/documentation-main.html#native-dependency-injection
at java.base/java.util.ArrayList.forEach(ArrayList.java:1511)
... Removed 26 stack frames]]>
    </failure>
  </testcase> <!-- categories -->
</testsuite> <!-- Test -->
