<?xml version="1.0" encoding="UTF-8"?>
<testng-results ignored="0" total="1" passed="1" failed="0" skipped="0">
  <reporter-output>
  </reporter-output>
  <suite started-at="2021-06-18T16:10:48 IST" name="Default suite" finished-at="2021-06-18T16:11:17 IST" duration-ms="28649">
    <groups>
    </groups>
    <test started-at="2021-06-18T16:10:48 IST" name="Default test" finished-at="2021-06-18T16:11:17 IST" duration-ms="28649">
      <class name="Scripts.EassyEditor">
        <test-method is-config="true" signature="openApp()[pri:0, instance:Scripts.EassyEditor@1ba9117e]" started-at="2021-06-18T16:10:48 IST" name="openApp" finished-at="2021-06-18T16:11:01 IST" duration-ms="12841" status="PASS">
          <reporter-output>
          </reporter-output>
        </test-method> <!-- openApp -->
        <test-method signature="editor()[pri:0, instance:Scripts.EassyEditor@1ba9117e]" started-at="2021-06-18T16:11:01 IST" name="editor" finished-at="2021-06-18T16:11:17 IST" duration-ms="15717" status="PASS">
          <reporter-output>
          </reporter-output>
        </test-method> <!-- editor -->
        <test-method is-config="true" signature="close(org.testng.ITestResult)[pri:0, instance:Scripts.EassyEditor@1ba9117e]" started-at="2021-06-18T16:11:17 IST" name="close" finished-at="2021-06-18T16:11:17 IST" duration-ms="10" status="PASS">
          <params>
            <param index="0">
              <value>
                <![CDATA[[TestResult name=editor status=SUCCESS method=EassyEditor.editor()[pri:0, instance:Scripts.EassyEditor@1ba9117e] output={null}]]]>
              </value>
            </param>
          </params>
          <reporter-output>
          </reporter-output>
        </test-method> <!-- close -->
      </class> <!-- Scripts.EassyEditor -->
    </test> <!-- Default test -->
  </suite> <!-- Default suite -->
</testng-results>
